C:\Prog\IGHoo\ighoo\.git\logs\refs\remotes\origin\master
C:\Prog\IGHoo\ighoo\.git\logs\head
C:\Prog\IGHoo\ighoo\.git\objects



directory( "c:\prog\ighoo\ighoo\.git\objects", "D" )
 -> (A) (1)
        1) (A) (5)
              1) (C) (7) objects
              2) (N) (1) 0
              3) (D) 04/09/18    DToS() 20180409    Format mm/dd/yy
              4) (C) (8) 13:12:47
              5) (C) (1) D


directory( "c:\prog\ighoo\ighoo\.git\*.*", "D" )
       10) (A) (5)
              1) (C) (7) objects
              2) (N) (1) 0
              3) (D) 04/09/18    DToS() 20180409    Format mm/dd/yy
              4) (C) (8) 13:12:47
              5) (C) (1) D



hb_dirscan( "c:\prog\ighoo\ighoo\.git\objects", , "D" )
 -> (A) (538)
        1) (A) (5)
              1) (C) (1) .
              2) (N) (1) 0
              3) (T) t"2018-04-09 13:12:47.453"
              4) (C) (8) 13:12:47
              5) (C) (1) D
        2) (A) (5)
              1) (C) (2) ..
              2) (N) (1) 0
              3) (T) t"2018-04-09 13:12:47.453"
              4) (C) (8) 13:12:47
              5) (C) (1) D
        3) (A) (5)
              1) (C) (2) 00
              2) (N) (1) 0
              3) (T) t"2018-04-06 17:05:59.281"
              4) (C) (8) 17:05:59
              5) (C) (1) D



